C:\Diplom\FlowerShop\client\dist\out-tsc\environments\environment.prod.js
C:\Diplom\FlowerShop\client\dist\out-tsc\environments\environment.prod.js.map
C:\Diplom\FlowerShop\client\dist\out-tsc\app\classes\user.js
C:\Diplom\FlowerShop\client\dist\out-tsc\app\classes\user.js.map
C:\Diplom\FlowerShop\client\dist\out-tsc\environments\environment.js
C:\Diplom\FlowerShop\client\dist\out-tsc\environments\environment.js.map
C:\Diplom\FlowerShop\client\dist\out-tsc\app\services\user.service.js
C:\Diplom\FlowerShop\client\dist\out-tsc\app\services\user.service.js.map
C:\Diplom\FlowerShop\client\dist\out-tsc\app\classes\flower.js
C:\Diplom\FlowerShop\client\dist\out-tsc\app\classes\flower.js.map
C:\Diplom\FlowerShop\client\dist\out-tsc\app\classes\products-parameters.js
C:\Diplom\FlowerShop\client\dist\out-tsc\app\classes\products-parameters.js.map
C:\Diplom\FlowerShop\client\dist\out-tsc\app\services\images.service.js
C:\Diplom\FlowerShop\client\dist\out-tsc\app\services\images.service.js.map
C:\Diplom\FlowerShop\client\dist\out-tsc\app\services\catalog.service.js
C:\Diplom\FlowerShop\client\dist\out-tsc\app\services\catalog.service.js.map
C:\Diplom\FlowerShop\client\dist\out-tsc\app\classes\cart.js
C:\Diplom\FlowerShop\client\dist\out-tsc\app\classes\cart.js.map
C:\Diplom\FlowerShop\client\dist\out-tsc\app\services\cart.service.js
C:\Diplom\FlowerShop\client\dist\out-tsc\app\services\cart.service.js.map
C:\Diplom\FlowerShop\client\dist\out-tsc\app\services\scroll.service.js
C:\Diplom\FlowerShop\client\dist\out-tsc\app\services\scroll.service.js.map
C:\Diplom\FlowerShop\client\dist\out-tsc\app\conponents\shared\popup\popup.component.js
C:\Diplom\FlowerShop\client\dist\out-tsc\app\conponents\shared\popup\popup.component.js.map
C:\Diplom\FlowerShop\client\dist\out-tsc\app\services\registration.service.js
C:\Diplom\FlowerShop\client\dist\out-tsc\app\services\registration.service.js.map
C:\Diplom\FlowerShop\client\dist\out-tsc\app\classes\forms.js
C:\Diplom\FlowerShop\client\dist\out-tsc\app\classes\forms.js.map
C:\Diplom\FlowerShop\client\dist\out-tsc\app\classes\validators.js
C:\Diplom\FlowerShop\client\dist\out-tsc\app\classes\validators.js.map
C:\Diplom\FlowerShop\client\dist\out-tsc\app\conponents\log-in\log-in.component.js
C:\Diplom\FlowerShop\client\dist\out-tsc\app\conponents\log-in\log-in.component.js.map
C:\Diplom\FlowerShop\client\dist\out-tsc\app\classes\order.js
C:\Diplom\FlowerShop\client\dist\out-tsc\app\classes\order.js.map
C:\Diplom\FlowerShop\client\dist\out-tsc\app\services\order.service.js
C:\Diplom\FlowerShop\client\dist\out-tsc\app\services\order.service.js.map
C:\Diplom\FlowerShop\client\dist\out-tsc\app\classes\path.js
C:\Diplom\FlowerShop\client\dist\out-tsc\app\classes\path.js.map
C:\Diplom\FlowerShop\client\dist\out-tsc\app\conponents\orders\orders.component.js
C:\Diplom\FlowerShop\client\dist\out-tsc\app\conponents\orders\orders.component.js.map
C:\Diplom\FlowerShop\client\dist\out-tsc\app\classes\categories.js
C:\Diplom\FlowerShop\client\dist\out-tsc\app\classes\categories.js.map
C:\Diplom\FlowerShop\client\dist\out-tsc\app\services\categories.service.js
C:\Diplom\FlowerShop\client\dist\out-tsc\app\services\categories.service.js.map
C:\Diplom\FlowerShop\client\dist\out-tsc\app\classes\global-variables.js
C:\Diplom\FlowerShop\client\dist\out-tsc\app\classes\global-variables.js.map
C:\Diplom\FlowerShop\client\dist\out-tsc\app\conponents\catalog\filters-mobile-dialog\filters-mobile-dialog.component.js
C:\Diplom\FlowerShop\client\dist\out-tsc\app\conponents\catalog\filters-mobile-dialog\filters-mobile-dialog.component.js.map
C:\Diplom\FlowerShop\client\dist\out-tsc\app\conponents\catalog\sorts-mobile-dialog\sorts-mobile-dialog.component.js
C:\Diplom\FlowerShop\client\dist\out-tsc\app\conponents\catalog\sorts-mobile-dialog\sorts-mobile-dialog.component.js.map
C:\Diplom\FlowerShop\client\dist\out-tsc\app\conponents\catalog\products-content\products-content.component.js
C:\Diplom\FlowerShop\client\dist\out-tsc\app\conponents\catalog\products-content\products-content.component.js.map
C:\Diplom\FlowerShop\client\dist\out-tsc\app\conponents\search\search.component.js
C:\Diplom\FlowerShop\client\dist\out-tsc\app\conponents\search\search.component.js.map
C:\Diplom\FlowerShop\client\dist\out-tsc\app\conponents\shared\header\search-dialog\search-dialog.component.js
C:\Diplom\FlowerShop\client\dist\out-tsc\app\conponents\shared\header\search-dialog\search-dialog.component.js.map
C:\Diplom\FlowerShop\client\dist\out-tsc\app\services\price.service.js
C:\Diplom\FlowerShop\client\dist\out-tsc\app\services\price.service.js.map
C:\Diplom\FlowerShop\client\dist\out-tsc\app\conponents\price-history-dialog\chart-options.js
C:\Diplom\FlowerShop\client\dist\out-tsc\app\conponents\price-history-dialog\chart-options.js.map
C:\Diplom\FlowerShop\client\dist\out-tsc\app\conponents\price-history-dialog\price-history-dialog.component.js
C:\Diplom\FlowerShop\client\dist\out-tsc\app\conponents\price-history-dialog\price-history-dialog.component.js.map
C:\Diplom\FlowerShop\client\dist\out-tsc\app\conponents\product-details\product-details.component.js
C:\Diplom\FlowerShop\client\dist\out-tsc\app\conponents\product-details\product-details.component.js.map
C:\Diplom\FlowerShop\client\dist\out-tsc\app\conponents\catalog\catalog.component.js
C:\Diplom\FlowerShop\client\dist\out-tsc\app\conponents\catalog\catalog.component.js.map
C:\Diplom\FlowerShop\client\dist\out-tsc\app\conponents\profile\profile.component.js
C:\Diplom\FlowerShop\client\dist\out-tsc\app\conponents\profile\profile.component.js.map
C:\Diplom\FlowerShop\client\dist\out-tsc\app\conponents\registration\registration.component.js
C:\Diplom\FlowerShop\client\dist\out-tsc\app\conponents\registration\registration.component.js.map
C:\Diplom\FlowerShop\client\dist\out-tsc\app\conponents\contacts\contacts.component.js
C:\Diplom\FlowerShop\client\dist\out-tsc\app\conponents\contacts\contacts.component.js.map
C:\Diplom\FlowerShop\client\dist\out-tsc\app\classes\article.js
C:\Diplom\FlowerShop\client\dist\out-tsc\app\classes\article.js.map
C:\Diplom\FlowerShop\client\dist\out-tsc\app\services\articles.service.js
C:\Diplom\FlowerShop\client\dist\out-tsc\app\services\articles.service.js.map
C:\Diplom\FlowerShop\client\dist\out-tsc\app\conponents\article\article.component.js
C:\Diplom\FlowerShop\client\dist\out-tsc\app\conponents\article\article.component.js.map
C:\Diplom\FlowerShop\client\dist\out-tsc\app\conponents\about-us\about-us.component.js
C:\Diplom\FlowerShop\client\dist\out-tsc\app\conponents\about-us\about-us.component.js.map
C:\Diplom\FlowerShop\client\dist\out-tsc\app\conponents\news\news.component.js
C:\Diplom\FlowerShop\client\dist\out-tsc\app\conponents\news\news.component.js.map
C:\Diplom\FlowerShop\client\dist\out-tsc\app\classes\slide.js
C:\Diplom\FlowerShop\client\dist\out-tsc\app\classes\slide.js.map
C:\Diplom\FlowerShop\client\dist\out-tsc\app\conponents\home\home.component.js
C:\Diplom\FlowerShop\client\dist\out-tsc\app\conponents\home\home.component.js.map
C:\Diplom\FlowerShop\client\dist\out-tsc\app\guards\auth-guard.guard.js
C:\Diplom\FlowerShop\client\dist\out-tsc\app\guards\auth-guard.guard.js.map
C:\Diplom\FlowerShop\client\dist\out-tsc\app\services\stripe.service.js
C:\Diplom\FlowerShop\client\dist\out-tsc\app\services\stripe.service.js.map
C:\Diplom\FlowerShop\client\dist\out-tsc\app\classes\payment.js
C:\Diplom\FlowerShop\client\dist\out-tsc\app\classes\payment.js.map
C:\Diplom\FlowerShop\client\dist\out-tsc\app\services\payment.service.js
C:\Diplom\FlowerShop\client\dist\out-tsc\app\services\payment.service.js.map
C:\Diplom\FlowerShop\client\dist\out-tsc\app\conponents\payment-dialog\payment-dialog.component.js
C:\Diplom\FlowerShop\client\dist\out-tsc\app\conponents\payment-dialog\payment-dialog.component.js.map
C:\Diplom\FlowerShop\client\dist\out-tsc\app\conponents\cart-and-order\cart-and-order.component.js
C:\Diplom\FlowerShop\client\dist\out-tsc\app\conponents\cart-and-order\cart-and-order.component.js.map
C:\Diplom\FlowerShop\client\dist\out-tsc\app\app-routing.module.js
C:\Diplom\FlowerShop\client\dist\out-tsc\app\app-routing.module.js.map
C:\Diplom\FlowerShop\client\dist\out-tsc\app\app.component.js
C:\Diplom\FlowerShop\client\dist\out-tsc\app\app.component.js.map
C:\Diplom\FlowerShop\client\dist\out-tsc\app\services\elinext.service.js
C:\Diplom\FlowerShop\client\dist\out-tsc\app\services\elinext.service.js.map
C:\Diplom\FlowerShop\client\dist\out-tsc\app\conponents\shared\header\header.component.js
C:\Diplom\FlowerShop\client\dist\out-tsc\app\conponents\shared\header\header.component.js.map
C:\Diplom\FlowerShop\client\dist\out-tsc\app\conponents\shared\footer\footer.component.js
C:\Diplom\FlowerShop\client\dist\out-tsc\app\conponents\shared\footer\footer.component.js.map
C:\Diplom\FlowerShop\client\dist\out-tsc\app\conponents\shared\navigation\navigation.component.js
C:\Diplom\FlowerShop\client\dist\out-tsc\app\conponents\shared\navigation\navigation.component.js.map
C:\Diplom\FlowerShop\client\dist\out-tsc\app\conponents\news\pagination-list\pagination-list.component.js
C:\Diplom\FlowerShop\client\dist\out-tsc\app\conponents\news\pagination-list\pagination-list.component.js.map
C:\Diplom\FlowerShop\client\dist\out-tsc\app\services\contacts.service.js
C:\Diplom\FlowerShop\client\dist\out-tsc\app\services\contacts.service.js.map
C:\Diplom\FlowerShop\client\dist\out-tsc\app\conponents\contacts\contact-us\contact-us.component.js
C:\Diplom\FlowerShop\client\dist\out-tsc\app\conponents\contacts\contact-us\contact-us.component.js.map
C:\Diplom\FlowerShop\client\dist\out-tsc\app\directives\phone.directive.js
C:\Diplom\FlowerShop\client\dist\out-tsc\app\directives\phone.directive.js.map
C:\Diplom\FlowerShop\client\dist\out-tsc\app\keycloak.init.js
C:\Diplom\FlowerShop\client\dist\out-tsc\app\keycloak.init.js.map
C:\Diplom\FlowerShop\client\dist\out-tsc\app\conponents\catalog\categories\categories.component.js
C:\Diplom\FlowerShop\client\dist\out-tsc\app\conponents\catalog\categories\categories.component.js.map
C:\Diplom\FlowerShop\client\dist\out-tsc\app\conponents\shared\cross-button\cross-button.component.js
C:\Diplom\FlowerShop\client\dist\out-tsc\app\conponents\shared\cross-button\cross-button.component.js.map
C:\Diplom\FlowerShop\client\dist\out-tsc\app\pipes\price.pipe.js
C:\Diplom\FlowerShop\client\dist\out-tsc\app\pipes\price.pipe.js.map
C:\Diplom\FlowerShop\client\dist\out-tsc\app\conponents\shared\cards\cards.component.js
C:\Diplom\FlowerShop\client\dist\out-tsc\app\conponents\shared\cards\cards.component.js.map
C:\Diplom\FlowerShop\client\dist\out-tsc\app\conponents\shared\button\button.component.js
C:\Diplom\FlowerShop\client\dist\out-tsc\app\conponents\shared\button\button.component.js.map
C:\Diplom\FlowerShop\client\dist\out-tsc\app\conponents\shared\work-examples\work-examples.component.js
C:\Diplom\FlowerShop\client\dist\out-tsc\app\conponents\shared\work-examples\work-examples.component.js.map
C:\Diplom\FlowerShop\client\dist\out-tsc\app\conponents\shared\loading-indicator\loading-indicator.component.js
C:\Diplom\FlowerShop\client\dist\out-tsc\app\conponents\shared\loading-indicator\loading-indicator.component.js.map
C:\Diplom\FlowerShop\client\dist\out-tsc\app\conponents\shared\checkbox\checkbox.component.js
C:\Diplom\FlowerShop\client\dist\out-tsc\app\conponents\shared\checkbox\checkbox.component.js.map
C:\Diplom\FlowerShop\client\dist\out-tsc\app\conponents\shared\flower-card\flower-card.component.js
C:\Diplom\FlowerShop\client\dist\out-tsc\app\conponents\shared\flower-card\flower-card.component.js.map
C:\Diplom\FlowerShop\client\dist\out-tsc\app\conponents\shared\text-input\text-input.component.js
C:\Diplom\FlowerShop\client\dist\out-tsc\app\conponents\shared\text-input\text-input.component.js.map
C:\Diplom\FlowerShop\client\dist\out-tsc\app\conponents\shared\radio-button\radio-button.component.js
C:\Diplom\FlowerShop\client\dist\out-tsc\app\conponents\shared\radio-button\radio-button.component.js.map
C:\Diplom\FlowerShop\client\dist\out-tsc\app\conponents\shared\google-map\delivery-area.js
C:\Diplom\FlowerShop\client\dist\out-tsc\app\conponents\shared\google-map\delivery-area.js.map
C:\Diplom\FlowerShop\client\dist\out-tsc\app\conponents\shared\google-map\google-map.component.js
C:\Diplom\FlowerShop\client\dist\out-tsc\app\conponents\shared\google-map\google-map.component.js.map
C:\Diplom\FlowerShop\client\dist\out-tsc\app\classes\chat.js
C:\Diplom\FlowerShop\client\dist\out-tsc\app\classes\chat.js.map
C:\Diplom\FlowerShop\client\dist\out-tsc\app\services\chat-server.service.js
C:\Diplom\FlowerShop\client\dist\out-tsc\app\services\chat-server.service.js.map
C:\Diplom\FlowerShop\client\dist\out-tsc\app\services\chat.service.js
C:\Diplom\FlowerShop\client\dist\out-tsc\app\services\chat.service.js.map
C:\Diplom\FlowerShop\client\dist\out-tsc\app\conponents\chat\chat.component.js
C:\Diplom\FlowerShop\client\dist\out-tsc\app\conponents\chat\chat.component.js.map
C:\Diplom\FlowerShop\client\dist\out-tsc\app\pipes\safe.pipe.js
C:\Diplom\FlowerShop\client\dist\out-tsc\app\pipes\safe.pipe.js.map
C:\Diplom\FlowerShop\client\dist\out-tsc\app\conponents\shared\order\order.component.js
C:\Diplom\FlowerShop\client\dist\out-tsc\app\conponents\shared\order\order.component.js.map
C:\Diplom\FlowerShop\client\dist\out-tsc\app\app.module.js
C:\Diplom\FlowerShop\client\dist\out-tsc\app\app.module.js.map
C:\Diplom\FlowerShop\client\dist\out-tsc\main.js
C:\Diplom\FlowerShop\client\dist\out-tsc\main.js.map
C:\Diplom\FlowerShop\client\dist\out-tsc\polyfills.js
C:\Diplom\FlowerShop\client\dist\out-tsc\polyfills.js.map
C:\Diplom\FlowerShop\client\dist\out-tsc\test.js
C:\Diplom\FlowerShop\client\dist\out-tsc\test.js.map
C:\Diplom\FlowerShop\client\dist\out-tsc\app\app.component.spec.js
C:\Diplom\FlowerShop\client\dist\out-tsc\app\app.component.spec.js.map
C:\Diplom\FlowerShop\client\dist\out-tsc\app\conponents\about-us\about-us.component.spec.js
C:\Diplom\FlowerShop\client\dist\out-tsc\app\conponents\about-us\about-us.component.spec.js.map
C:\Diplom\FlowerShop\client\dist\out-tsc\app\testing\article.mock.js
C:\Diplom\FlowerShop\client\dist\out-tsc\app\testing\article.mock.js.map
C:\Diplom\FlowerShop\client\dist\out-tsc\app\conponents\article\article.component.spec.js
C:\Diplom\FlowerShop\client\dist\out-tsc\app\conponents\article\article.component.spec.js.map
C:\Diplom\FlowerShop\client\dist\out-tsc\app\testing\dialog.mock.js
C:\Diplom\FlowerShop\client\dist\out-tsc\app\testing\dialog.mock.js.map
C:\Diplom\FlowerShop\client\dist\out-tsc\app\testing\cart.mock.js
C:\Diplom\FlowerShop\client\dist\out-tsc\app\testing\cart.mock.js.map
C:\Diplom\FlowerShop\client\dist\out-tsc\app\testing\order.mock.js
C:\Diplom\FlowerShop\client\dist\out-tsc\app\testing\order.mock.js.map
C:\Diplom\FlowerShop\client\dist\out-tsc\app\testing\catalog.mock.js
C:\Diplom\FlowerShop\client\dist\out-tsc\app\testing\catalog.mock.js.map
C:\Diplom\FlowerShop\client\dist\out-tsc\app\testing\keycloak.mock.js
C:\Diplom\FlowerShop\client\dist\out-tsc\app\testing\keycloak.mock.js.map
C:\Diplom\FlowerShop\client\dist\out-tsc\app\conponents\cart-and-order\cart-and-order.component.spec.js
C:\Diplom\FlowerShop\client\dist\out-tsc\app\conponents\cart-and-order\cart-and-order.component.spec.js.map
C:\Diplom\FlowerShop\client\dist\out-tsc\app\conponents\catalog\catalog.component.spec.js
C:\Diplom\FlowerShop\client\dist\out-tsc\app\conponents\catalog\catalog.component.spec.js.map
C:\Diplom\FlowerShop\client\dist\out-tsc\app\testing\categories.mock.js
C:\Diplom\FlowerShop\client\dist\out-tsc\app\testing\categories.mock.js.map
C:\Diplom\FlowerShop\client\dist\out-tsc\app\conponents\catalog\categories\categories.component.spec.js
C:\Diplom\FlowerShop\client\dist\out-tsc\app\conponents\catalog\categories\categories.component.spec.js.map
C:\Diplom\FlowerShop\client\dist\out-tsc\app\conponents\catalog\filters-mobile-dialog\filters-mobile-dialog.component.spec.js
C:\Diplom\FlowerShop\client\dist\out-tsc\app\conponents\catalog\filters-mobile-dialog\filters-mobile-dialog.component.spec.js.map
C:\Diplom\FlowerShop\client\dist\out-tsc\app\conponents\catalog\products-content\products-content.component.spec.js
C:\Diplom\FlowerShop\client\dist\out-tsc\app\conponents\catalog\products-content\products-content.component.spec.js.map
C:\Diplom\FlowerShop\client\dist\out-tsc\app\conponents\catalog\sorts-mobile-dialog\sorts-mobile-dialog.component.spec.js
C:\Diplom\FlowerShop\client\dist\out-tsc\app\conponents\catalog\sorts-mobile-dialog\sorts-mobile-dialog.component.spec.js.map
C:\Diplom\FlowerShop\client\dist\out-tsc\app\testing\chat.mock.js
C:\Diplom\FlowerShop\client\dist\out-tsc\app\testing\chat.mock.js.map
C:\Diplom\FlowerShop\client\dist\out-tsc\app\conponents\chat\chat.component.spec.js
C:\Diplom\FlowerShop\client\dist\out-tsc\app\conponents\chat\chat.component.spec.js.map
C:\Diplom\FlowerShop\client\dist\out-tsc\app\conponents\contacts\contacts.component.spec.js
C:\Diplom\FlowerShop\client\dist\out-tsc\app\conponents\contacts\contacts.component.spec.js.map
C:\Diplom\FlowerShop\client\dist\out-tsc\app\testing\contacts.mock.js
C:\Diplom\FlowerShop\client\dist\out-tsc\app\testing\contacts.mock.js.map
C:\Diplom\FlowerShop\client\dist\out-tsc\app\conponents\contacts\contact-us\contact-us.component.spec.js
C:\Diplom\FlowerShop\client\dist\out-tsc\app\conponents\contacts\contact-us\contact-us.component.spec.js.map
C:\Diplom\FlowerShop\client\dist\out-tsc\app\conponents\home\home.component.spec.js
C:\Diplom\FlowerShop\client\dist\out-tsc\app\conponents\home\home.component.spec.js.map
C:\Diplom\FlowerShop\client\dist\out-tsc\app\conponents\log-in\log-in.component.spec.js
C:\Diplom\FlowerShop\client\dist\out-tsc\app\conponents\log-in\log-in.component.spec.js.map
C:\Diplom\FlowerShop\client\dist\out-tsc\app\conponents\news\news.component.spec.js
C:\Diplom\FlowerShop\client\dist\out-tsc\app\conponents\news\news.component.spec.js.map
C:\Diplom\FlowerShop\client\dist\out-tsc\app\conponents\news\pagination-list\pagination-list.component.spec.js
C:\Diplom\FlowerShop\client\dist\out-tsc\app\conponents\news\pagination-list\pagination-list.component.spec.js.map
C:\Diplom\FlowerShop\client\dist\out-tsc\app\conponents\orders\orders.component.spec.js
C:\Diplom\FlowerShop\client\dist\out-tsc\app\conponents\orders\orders.component.spec.js.map
C:\Diplom\FlowerShop\client\dist\out-tsc\app\testing\stripe.mock.js
C:\Diplom\FlowerShop\client\dist\out-tsc\app\testing\stripe.mock.js.map
C:\Diplom\FlowerShop\client\dist\out-tsc\app\testing\payment.mock.js
C:\Diplom\FlowerShop\client\dist\out-tsc\app\testing\payment.mock.js.map
C:\Diplom\FlowerShop\client\dist\out-tsc\app\conponents\payment-dialog\payment-dialog.component.spec.js
C:\Diplom\FlowerShop\client\dist\out-tsc\app\conponents\payment-dialog\payment-dialog.component.spec.js.map
C:\Diplom\FlowerShop\client\dist\out-tsc\app\testing\price.mock.js
C:\Diplom\FlowerShop\client\dist\out-tsc\app\testing\price.mock.js.map
C:\Diplom\FlowerShop\client\dist\out-tsc\app\conponents\price-history-dialog\price-history-dialog.component.spec.js
C:\Diplom\FlowerShop\client\dist\out-tsc\app\conponents\price-history-dialog\price-history-dialog.component.spec.js.map
C:\Diplom\FlowerShop\client\dist\out-tsc\app\testing\router-testing.js
C:\Diplom\FlowerShop\client\dist\out-tsc\app\testing\router-testing.js.map
C:\Diplom\FlowerShop\client\dist\out-tsc\app\conponents\product-details\product-details.component.spec.js
C:\Diplom\FlowerShop\client\dist\out-tsc\app\conponents\product-details\product-details.component.spec.js.map
C:\Diplom\FlowerShop\client\dist\out-tsc\app\testing\user.mock.js
C:\Diplom\FlowerShop\client\dist\out-tsc\app\testing\user.mock.js.map
C:\Diplom\FlowerShop\client\dist\out-tsc\app\conponents\profile\profile.component.spec.js
C:\Diplom\FlowerShop\client\dist\out-tsc\app\conponents\profile\profile.component.spec.js.map
C:\Diplom\FlowerShop\client\dist\out-tsc\app\testing\registration.mock.js
C:\Diplom\FlowerShop\client\dist\out-tsc\app\testing\registration.mock.js.map
C:\Diplom\FlowerShop\client\dist\out-tsc\app\conponents\registration\registration.component.spec.js
C:\Diplom\FlowerShop\client\dist\out-tsc\app\conponents\registration\registration.component.spec.js.map
C:\Diplom\FlowerShop\client\dist\out-tsc\app\conponents\search\search.component.spec.js
C:\Diplom\FlowerShop\client\dist\out-tsc\app\conponents\search\search.component.spec.js.map
C:\Diplom\FlowerShop\client\dist\out-tsc\app\conponents\shared\button\button.component.spec.js
C:\Diplom\FlowerShop\client\dist\out-tsc\app\conponents\shared\button\button.component.spec.js.map
C:\Diplom\FlowerShop\client\dist\out-tsc\app\conponents\shared\cards\cards.component.spec.js
C:\Diplom\FlowerShop\client\dist\out-tsc\app\conponents\shared\cards\cards.component.spec.js.map
C:\Diplom\FlowerShop\client\dist\out-tsc\app\conponents\shared\checkbox\checkbox.component.spec.js
C:\Diplom\FlowerShop\client\dist\out-tsc\app\conponents\shared\checkbox\checkbox.component.spec.js.map
C:\Diplom\FlowerShop\client\dist\out-tsc\app\conponents\shared\cross-button\cross-button.component.spec.js
C:\Diplom\FlowerShop\client\dist\out-tsc\app\conponents\shared\cross-button\cross-button.component.spec.js.map
C:\Diplom\FlowerShop\client\dist\out-tsc\app\conponents\shared\flower-card\flower-card.component.spec.js
C:\Diplom\FlowerShop\client\dist\out-tsc\app\conponents\shared\flower-card\flower-card.component.spec.js.map
C:\Diplom\FlowerShop\client\dist\out-tsc\app\conponents\shared\footer\footer.component.spec.js
C:\Diplom\FlowerShop\client\dist\out-tsc\app\conponents\shared\footer\footer.component.spec.js.map
C:\Diplom\FlowerShop\client\dist\out-tsc\app\testing\google-maps.mock.js
C:\Diplom\FlowerShop\client\dist\out-tsc\app\testing\google-maps.mock.js.map
C:\Diplom\FlowerShop\client\dist\out-tsc\app\conponents\shared\google-map\google-map.component.spec.js
C:\Diplom\FlowerShop\client\dist\out-tsc\app\conponents\shared\google-map\google-map.component.spec.js.map
C:\Diplom\FlowerShop\client\dist\out-tsc\app\conponents\shared\header\header.component.spec.js
C:\Diplom\FlowerShop\client\dist\out-tsc\app\conponents\shared\header\header.component.spec.js.map
C:\Diplom\FlowerShop\client\dist\out-tsc\app\testing\router.mock.js
C:\Diplom\FlowerShop\client\dist\out-tsc\app\testing\router.mock.js.map
C:\Diplom\FlowerShop\client\dist\out-tsc\app\conponents\shared\header\search-dialog\search-dialog.component.spec.js
C:\Diplom\FlowerShop\client\dist\out-tsc\app\conponents\shared\header\search-dialog\search-dialog.component.spec.js.map
C:\Diplom\FlowerShop\client\dist\out-tsc\app\conponents\shared\loading-indicator\loading-indicator.component.spec.js
C:\Diplom\FlowerShop\client\dist\out-tsc\app\conponents\shared\loading-indicator\loading-indicator.component.spec.js.map
C:\Diplom\FlowerShop\client\dist\out-tsc\app\conponents\shared\navigation\navigation.component.spec.js
C:\Diplom\FlowerShop\client\dist\out-tsc\app\conponents\shared\navigation\navigation.component.spec.js.map
C:\Diplom\FlowerShop\client\dist\out-tsc\app\conponents\shared\order\order.component.spec.js
C:\Diplom\FlowerShop\client\dist\out-tsc\app\conponents\shared\order\order.component.spec.js.map
C:\Diplom\FlowerShop\client\dist\out-tsc\app\conponents\shared\popup\popup.component.spec.js
C:\Diplom\FlowerShop\client\dist\out-tsc\app\conponents\shared\popup\popup.component.spec.js.map
C:\Diplom\FlowerShop\client\dist\out-tsc\app\conponents\shared\radio-button\radio-button.component.spec.js
C:\Diplom\FlowerShop\client\dist\out-tsc\app\conponents\shared\radio-button\radio-button.component.spec.js.map
C:\Diplom\FlowerShop\client\dist\out-tsc\app\conponents\shared\text-input\text-input.component.spec.js
C:\Diplom\FlowerShop\client\dist\out-tsc\app\conponents\shared\text-input\text-input.component.spec.js.map
C:\Diplom\FlowerShop\client\dist\out-tsc\app\conponents\shared\work-examples\work-examples.component.spec.js
C:\Diplom\FlowerShop\client\dist\out-tsc\app\conponents\shared\work-examples\work-examples.component.spec.js.map
C:\Diplom\FlowerShop\client\dist\out-tsc\app\guards\auth-guard.guard.spec.js
C:\Diplom\FlowerShop\client\dist\out-tsc\app\guards\auth-guard.guard.spec.js.map
C:\Diplom\FlowerShop\client\dist\out-tsc\app\pipes\price.pipe.spec.js
C:\Diplom\FlowerShop\client\dist\out-tsc\app\pipes\price.pipe.spec.js.map
C:\Diplom\FlowerShop\client\dist\out-tsc\app\pipes\safe.pipe.spec.js
C:\Diplom\FlowerShop\client\dist\out-tsc\app\pipes\safe.pipe.spec.js.map
C:\Diplom\FlowerShop\client\dist\out-tsc\app\services\articles.service.spec.js
C:\Diplom\FlowerShop\client\dist\out-tsc\app\services\articles.service.spec.js.map
C:\Diplom\FlowerShop\client\dist\out-tsc\app\services\cart.service.spec.js
C:\Diplom\FlowerShop\client\dist\out-tsc\app\services\cart.service.spec.js.map
C:\Diplom\FlowerShop\client\dist\out-tsc\app\testing\images.mock.js
C:\Diplom\FlowerShop\client\dist\out-tsc\app\testing\images.mock.js.map
C:\Diplom\FlowerShop\client\dist\out-tsc\app\testing\sanitizer.mock.js
C:\Diplom\FlowerShop\client\dist\out-tsc\app\testing\sanitizer.mock.js.map
C:\Diplom\FlowerShop\client\dist\out-tsc\app\services\catalog.service.spec.js
C:\Diplom\FlowerShop\client\dist\out-tsc\app\services\catalog.service.spec.js.map
C:\Diplom\FlowerShop\client\dist\out-tsc\app\services\categories.service.spec.js
C:\Diplom\FlowerShop\client\dist\out-tsc\app\services\categories.service.spec.js.map
C:\Diplom\FlowerShop\client\dist\out-tsc\app\services\chat.service.spec.js
C:\Diplom\FlowerShop\client\dist\out-tsc\app\services\chat.service.spec.js.map
C:\Diplom\FlowerShop\client\dist\out-tsc\app\services\contacts.service.spec.js
C:\Diplom\FlowerShop\client\dist\out-tsc\app\services\contacts.service.spec.js.map
C:\Diplom\FlowerShop\client\dist\out-tsc\app\services\elinext.service.spec.js
C:\Diplom\FlowerShop\client\dist\out-tsc\app\services\elinext.service.spec.js.map
C:\Diplom\FlowerShop\client\dist\out-tsc\app\services\images.service.spec.js
C:\Diplom\FlowerShop\client\dist\out-tsc\app\services\images.service.spec.js.map
C:\Diplom\FlowerShop\client\dist\out-tsc\app\services\order.service.spec.js
C:\Diplom\FlowerShop\client\dist\out-tsc\app\services\order.service.spec.js.map
C:\Diplom\FlowerShop\client\dist\out-tsc\app\services\payment.service.spec.js
C:\Diplom\FlowerShop\client\dist\out-tsc\app\services\payment.service.spec.js.map
C:\Diplom\FlowerShop\client\dist\out-tsc\app\services\price.service.spec.js
C:\Diplom\FlowerShop\client\dist\out-tsc\app\services\price.service.spec.js.map
C:\Diplom\FlowerShop\client\dist\out-tsc\app\services\registration.service.spec.js
C:\Diplom\FlowerShop\client\dist\out-tsc\app\services\registration.service.spec.js.map
C:\Diplom\FlowerShop\client\dist\out-tsc\app\services\scroll.service.spec.js
C:\Diplom\FlowerShop\client\dist\out-tsc\app\services\scroll.service.spec.js.map
C:\Diplom\FlowerShop\client\dist\out-tsc\app\services\user.service.spec.js
C:\Diplom\FlowerShop\client\dist\out-tsc\app\services\user.service.spec.js.map
